0 info it worked if it ends with ok
1 verbose cli [ 'C:\\Program Files\\nodejs\\node.exe',
1 verbose cli   'C:\\Program Files\\nodejs\\node_modules\\npm\\bin\\npm-cli.js',
1 verbose cli   'install',
1 verbose cli   '--save-dev',
1 verbose cli   'webapack@2.0.0' ]
2 info using npm@3.10.10
3 info using node@v6.11.1
4 silly loadCurrentTree Starting
5 silly install loadCurrentTree
6 silly install readLocalPackageData
7 silly fetchPackageMetaData webapack@2.0.0
8 silly fetchNamedPackageData webapack
9 silly mapToRegistry name webapack
10 silly mapToRegistry using default registry
11 silly mapToRegistry registry https://registry.npmjs.org/
12 silly mapToRegistry data Result {
12 silly mapToRegistry   raw: 'webapack',
12 silly mapToRegistry   scope: null,
12 silly mapToRegistry   escapedName: 'webapack',
12 silly mapToRegistry   name: 'webapack',
12 silly mapToRegistry   rawSpec: '',
12 silly mapToRegistry   spec: 'latest',
12 silly mapToRegistry   type: 'tag' }
13 silly mapToRegistry uri https://registry.npmjs.org/webapack
14 verbose request uri https://registry.npmjs.org/webapack
15 verbose request no auth needed
16 info attempt registry request try #1 at 18:56:56
17 verbose request id ed4adeca2a07a040
18 verbose etag W/"59cd001d-55d"
19 verbose lastModified Thu, 28 Sep 2017 13:58:53 GMT
20 http request GET https://registry.npmjs.org/webapack
21 http 304 https://registry.npmjs.org/webapack
22 verbose headers { date: 'Sun, 19 Nov 2017 17:56:57 GMT',
22 verbose headers   via: '1.1 varnish',
22 verbose headers   'cache-control': 'max-age=300',
22 verbose headers   etag: 'W/"59cd001d-55d"',
22 verbose headers   age: '202',
22 verbose headers   connection: 'keep-alive',
22 verbose headers   'x-served-by': 'cache-hhn1521-HHN',
22 verbose headers   'x-cache': 'HIT',
22 verbose headers   'x-cache-hits': '1',
22 verbose headers   'x-timer': 'S1511114217.281166,VS0,VE0',
22 verbose headers   vary: 'Accept-Encoding, Accept' }
23 silly get cb [ 304,
23 silly get   { date: 'Sun, 19 Nov 2017 17:56:57 GMT',
23 silly get     via: '1.1 varnish',
23 silly get     'cache-control': 'max-age=300',
23 silly get     etag: 'W/"59cd001d-55d"',
23 silly get     age: '202',
23 silly get     connection: 'keep-alive',
23 silly get     'x-served-by': 'cache-hhn1521-HHN',
23 silly get     'x-cache': 'HIT',
23 silly get     'x-cache-hits': '1',
23 silly get     'x-timer': 'S1511114217.281166,VS0,VE0',
23 silly get     vary: 'Accept-Encoding, Accept' } ]
24 verbose etag https://registry.npmjs.org/webapack from cache
25 verbose get saving webapack to C:\Users\Administrator\AppData\Roaming\npm-cache\registry.npmjs.org\webapack\.cache.json
26 verbose correctMkdir C:\Users\Administrator\AppData\Roaming\npm-cache correctMkdir not in flight; initializing
27 silly fetchNamedPackageData No valid target from cache, forcing network
28 verbose request uri https://registry.npmjs.org/webapack
29 verbose request no auth needed
30 info attempt registry request try #1 at 18:56:57
31 http request GET https://registry.npmjs.org/webapack
32 http 200 https://registry.npmjs.org/webapack
33 verbose headers { server: 'nginx/1.10.1',
33 verbose headers   'content-type': 'application/json',
33 verbose headers   'last-modified': 'Thu, 28 Sep 2017 13:58:53 GMT',
33 verbose headers   etag: 'W/"59cd001d-55d"',
33 verbose headers   'content-encoding': 'gzip',
33 verbose headers   'cache-control': 'max-age=300',
33 verbose headers   'content-length': '686',
33 verbose headers   'accept-ranges': 'bytes',
33 verbose headers   date: 'Sun, 19 Nov 2017 17:56:57 GMT',
33 verbose headers   via: '1.1 varnish',
33 verbose headers   age: '202',
33 verbose headers   connection: 'keep-alive',
33 verbose headers   'x-served-by': 'cache-hhn1521-HHN',
33 verbose headers   'x-cache': 'HIT',
33 verbose headers   'x-cache-hits': '2',
33 verbose headers   'x-timer': 'S1511114217.392219,VS0,VE0',
33 verbose headers   vary: 'Accept-Encoding, Accept' }
34 silly get cb [ 200,
34 silly get   { server: 'nginx/1.10.1',
34 silly get     'content-type': 'application/json',
34 silly get     'last-modified': 'Thu, 28 Sep 2017 13:58:53 GMT',
34 silly get     etag: 'W/"59cd001d-55d"',
34 silly get     'content-encoding': 'gzip',
34 silly get     'cache-control': 'max-age=300',
34 silly get     'content-length': '686',
34 silly get     'accept-ranges': 'bytes',
34 silly get     date: 'Sun, 19 Nov 2017 17:56:57 GMT',
34 silly get     via: '1.1 varnish',
34 silly get     age: '202',
34 silly get     connection: 'keep-alive',
34 silly get     'x-served-by': 'cache-hhn1521-HHN',
34 silly get     'x-cache': 'HIT',
34 silly get     'x-cache-hits': '2',
34 silly get     'x-timer': 'S1511114217.392219,VS0,VE0',
34 silly get     vary: 'Accept-Encoding, Accept' } ]
35 verbose get saving webapack to C:\Users\Administrator\AppData\Roaming\npm-cache\registry.npmjs.org\webapack\.cache.json
36 verbose correctMkdir C:\Users\Administrator\AppData\Roaming\npm-cache correctMkdir not in flight; initializing
37 silly fetchPackageMetaData Error: No compatible version found: webapack@2.0.0
37 silly fetchPackageMetaData Valid install targets:
37 silly fetchPackageMetaData 1.0.0
37 silly fetchPackageMetaData
37 silly fetchPackageMetaData     at pickVersionFromRegistryDocument (C:\Program Files\nodejs\node_modules\npm\lib\fetch-package-metadata.js:178:16)
37 silly fetchPackageMetaData     at C:\Program Files\nodejs\node_modules\npm\node_modules\iferr\index.js:13:50
37 silly fetchPackageMetaData     at C:\Program Files\nodejs\node_modules\npm\lib\utils\pulse-till-done.js:20:8
37 silly fetchPackageMetaData     at saved (C:\Program Files\nodejs\node_modules\npm\lib\cache\caching-client.js:174:7)
37 silly fetchPackageMetaData     at C:\Program Files\nodejs\node_modules\npm\node_modules\graceful-fs\polyfills.js:241:18
37 silly fetchPackageMetaData     at FSReqWrap.oncomplete (fs.js:123:15)
37 silly fetchPackageMetaData  error for webapack@2.0.0 { Error: No compatible version found: webapack@2.0.0
37 silly fetchPackageMetaData Valid install targets:
37 silly fetchPackageMetaData 1.0.0
37 silly fetchPackageMetaData
37 silly fetchPackageMetaData     at pickVersionFromRegistryDocument (C:\Program Files\nodejs\node_modules\npm\lib\fetch-package-metadata.js:178:16)
37 silly fetchPackageMetaData     at C:\Program Files\nodejs\node_modules\npm\node_modules\iferr\index.js:13:50
37 silly fetchPackageMetaData     at C:\Program Files\nodejs\node_modules\npm\lib\utils\pulse-till-done.js:20:8
37 silly fetchPackageMetaData     at saved (C:\Program Files\nodejs\node_modules\npm\lib\cache\caching-client.js:174:7)
37 silly fetchPackageMetaData     at C:\Program Files\nodejs\node_modules\npm\node_modules\graceful-fs\polyfills.js:241:18
37 silly fetchPackageMetaData     at FSReqWrap.oncomplete (fs.js:123:15) code: 'ETARGET' }
38 silly rollbackFailedOptional Starting
39 silly rollbackFailedOptional Finishing
40 silly runTopLevelLifecycles Finishing
41 silly install printInstalled
42 verbose stack Error: No compatible version found: webapack@2.0.0
42 verbose stack Valid install targets:
42 verbose stack 1.0.0
42 verbose stack
42 verbose stack     at pickVersionFromRegistryDocument (C:\Program Files\nodejs\node_modules\npm\lib\fetch-package-metadata.js:178:16)
42 verbose stack     at C:\Program Files\nodejs\node_modules\npm\node_modules\iferr\index.js:13:50
42 verbose stack     at C:\Program Files\nodejs\node_modules\npm\lib\utils\pulse-till-done.js:20:8
42 verbose stack     at saved (C:\Program Files\nodejs\node_modules\npm\lib\cache\caching-client.js:174:7)
42 verbose stack     at C:\Program Files\nodejs\node_modules\npm\node_modules\graceful-fs\polyfills.js:241:18
42 verbose stack     at FSReqWrap.oncomplete (fs.js:123:15)
43 verbose cwd G:\Pawel\2_Webpack_Cwiczenia\js_modules
44 error Windows_NT 6.1.7601
45 error argv "C:\\Program Files\\nodejs\\node.exe" "C:\\Program Files\\nodejs\\node_modules\\npm\\bin\\npm-cli.js" "install" "--save-dev" "webapack@2.0.0"
46 error node v6.11.1
47 error npm  v3.10.10
48 error code ETARGET
49 error notarget No compatible version found: webapack@2.0.0
49 error notarget Valid install targets:
49 error notarget 1.0.0
50 error notarget This is most likely not a problem with npm itself.
50 error notarget In most cases you or one of your dependencies are requesting
50 error notarget a package version that doesn't exist.
51 verbose exit [ 1, true ]
